# JRE version: OpenJDK Runtime Environment (8.0_152-b06) (build 1.8.0_152-release-1136-b06)
# Java VM: OpenJDK 64-Bit Server VM (25.152-b06 mixed mode linux-amd64 compressed oops)
Heap:
 PSYoungGen      total 119296K, used 82770K [0x00000000e0000000, 0x00000000e8e00000, 0x0000000100000000)
  eden space 101376K, 68% used [0x00000000e0000000,0x00000000e44207b0,0x00000000e6300000)
  from space 17920K, 72% used [0x00000000e7c80000,0x00000000e8934360,0x00000000e8e00000)
  to   space 22016K, 0% used [0x00000000e6300000,0x00000000e6300000,0x00000000e7880000)
 ParOldGen       total 89088K, used 57902K [0x00000000a0000000, 0x00000000a5700000, 0x00000000e0000000)
  object space 89088K, 64% used [0x00000000a0000000,0x00000000a388ba50,0x00000000a5700000)
 Metaspace       used 83118K, capacity 86440K, committed 86656K, reserved 1124352K
  class space    used 10635K, capacity 11290K, committed 11392K, reserved 1048576K
GC Heap History (10 events):
Event: 1149.321 GC heap before
{Heap before GC invocations=23 (full 3):
 PSYoungGen      total 132608K, used 132348K [0x00000000e0000000, 0x00000000ea500000, 0x0000000100000000)
  eden space 120320K, 100% used [0x00000000e0000000,0x00000000e7580000,0x00000000e7580000)
  from space 12288K, 97% used [0x00000000e8980000,0x00000000e953f100,0x00000000e9580000)
  to   space 15872K, 0% used [0x00000000e9580000,0x00000000e9580000,0x00000000ea500000)
 ParOldGen       total 89088K, used 48367K [0x00000000a0000000, 0x00000000a5700000, 0x00000000e0000000)
  object space 89088K, 54% used [0x00000000a0000000,0x00000000a2f3be48,0x00000000a5700000)
 Metaspace       used 79521K, capacity 82632K, committed 82688K, reserved 1120256K
  class space    used 10364K, capacity 10990K, committed 11008K, reserved 1048576K
Event: 1149.343 GC heap after
Heap after GC invocations=23 (full 3):
 PSYoungGen      total 130048K, used 13399K [0x00000000e0000000, 0x00000000ea300000, 0x0000000100000000)
  eden space 116224K, 0% used [0x00000000e0000000,0x00000000e0000000,0x00000000e7180000)
  from space 13824K, 96% used [0x00000000e9580000,0x00000000ea295f80,0x00000000ea300000)
  to   space 20480K, 0% used [0x00000000e7b00000,0x00000000e7b00000,0x00000000e8f00000)
 ParOldGen       total 89088K, used 48375K [0x00000000a0000000, 0x00000000a5700000, 0x00000000e0000000)
  object space 89088K, 54% used [0x00000000a0000000,0x00000000a2f3de48,0x00000000a5700000)
 Metaspace       used 79521K, capacity 82632K, committed 82688K, reserved 1120256K
  class space    used 10364K, capacity 10990K, committed 11008K, reserved 1048576K
}
Event: 1375.699 GC heap before
{Heap before GC invocations=24 (full 3):
 PSYoungGen      total 130048K, used 129623K [0x00000000e0000000, 0x00000000ea300000, 0x0000000100000000)
  eden space 116224K, 100% used [0x00000000e0000000,0x00000000e7180000,0x00000000e7180000)
  from space 13824K, 96% used [0x00000000e9580000,0x00000000ea295f80,0x00000000ea300000)
  to   space 20480K, 0% used [0x00000000e7b00000,0x00000000e7b00000,0x00000000e8f00000)
 ParOldGen       total 89088K, used 48375K [0x00000000a0000000, 0x00000000a5700000, 0x00000000e0000000)
  object space 89088K, 54% used [0x00000000a0000000,0x00000000a2f3de48,0x00000000a5700000)
 Metaspace       used 79991K, capacity 83136K, committed 83200K, reserved 1122304K
  class space    used 10375K, capacity 11008K, committed 11008K, reserved 1048576K
Event: 1375.722 GC heap after
Heap after GC invocations=24 (full 3):
 PSYoungGen      total 123904K, used 11357K [0x00000000e0000000, 0x00000000e9600000, 0x0000000100000000)
  eden space 112128K, 0% used [0x00000000e0000000,0x00000000e0000000,0x00000000e6d80000)
  from space 11776K, 96% used [0x00000000e7b00000,0x00000000e86176b0,0x00000000e8680000)
  to   space 15872K, 0% used [0x00000000e8680000,0x00000000e8680000,0x00000000e9600000)
 ParOldGen       total 89088K, used 48383K [0x00000000a0000000, 0x00000000a5700000, 0x00000000e0000000)
  object space 89088K, 54% used [0x00000000a0000000,0x00000000a2f3fe48,0x00000000a5700000)
 Metaspace       used 79991K, capacity 83136K, committed 83200K, reserved 1122304K
  class space    used 10375K, capacity 11008K, committed 11008K, reserved 1048576K
}
Event: 2304.183 GC heap before
{Heap before GC invocations=25 (full 3):
 PSYoungGen      total 123904K, used 123485K [0x00000000e0000000, 0x00000000e9600000, 0x0000000100000000)
  eden space 112128K, 100% used [0x00000000e0000000,0x00000000e6d80000,0x00000000e6d80000)
  from space 11776K, 96% used [0x00000000e7b00000,0x00000000e86176b0,0x00000000e8680000)
  to   space 15872K, 0% used [0x00000000e8680000,0x00000000e8680000,0x00000000e9600000)
 ParOldGen       total 89088K, used 48383K [0x00000000a0000000, 0x00000000a5700000, 0x00000000e0000000)
  object space 89088K, 54% used [0x00000000a0000000,0x00000000a2f3fe48,0x00000000a5700000)
 Metaspace       used 81393K, capacity 84582K, committed 84608K, reserved 1122304K
  class space    used 10497K, capacity 11123K, committed 11136K, reserved 1048576K
Event: 2304.286 GC heap after
Heap after GC invocations=25 (full 3):
 PSYoungGen      total 124416K, used 15860K [0x00000000e0000000, 0x00000000e9800000, 0x0000000100000000)
  eden space 108544K, 0% used [0x00000000e0000000,0x00000000e0000000,0x00000000e6a00000)
  from space 15872K, 99% used [0x00000000e8680000,0x00000000e95fd110,0x00000000e9600000)
  to   space 23552K, 0% used [0x00000000e6a00000,0x00000000e6a00000,0x00000000e8100000)
 ParOldGen       total 89088K, used 53683K [0x00000000a0000000, 0x00000000a5700000, 0x00000000e0000000)
  object space 89088K, 60% used [0x00000000a0000000,0x00000000a346cc30,0x00000000a5700000)
 Metaspace       used 81393K, capacity 84582K, committed 84608K, reserved 1122304K
  class space    used 10497K, capacity 11123K, committed 11136K, reserved 1048576K
}
Event: 2329.351 GC heap before
{Heap before GC invocations=26 (full 3):
 PSYoungGen      total 124416K, used 124404K [0x00000000e0000000, 0x00000000e9800000, 0x0000000100000000)
  eden space 108544K, 100% used [0x00000000e0000000,0x00000000e6a00000,0x00000000e6a00000)
  from space 15872K, 99% used [0x00000000e8680000,0x00000000e95fd110,0x00000000e9600000)
  to   space 23552K, 0% used [0x00000000e6a00000,0x00000000e6a00000,0x00000000e8100000)
 ParOldGen       total 89088K, used 53683K [0x00000000a0000000, 0x00000000a5700000, 0x00000000e0000000)
  object space 89088K, 60% used [0x00000000a0000000,0x00000000a346cc30,0x00000000a5700000)
 Metaspace       used 82300K, capacity 85598K, committed 85760K, reserved 1124352K
  class space    used 10579K, capacity 11237K, committed 11264K, reserved 1048576K
Event: 2329.370 GC heap after
Heap after GC invocations=26 (full 3):
 PSYoungGen      total 117248K, used 12158K [0x00000000e0000000, 0x00000000e9280000, 0x0000000100000000)
  eden space 104960K, 0% used [0x00000000e0000000,0x00000000e0000000,0x00000000e6680000)
  from space 12288K, 98% used [0x00000000e6a00000,0x00000000e75df878,0x00000000e7600000)
  to   space 22528K, 0% used [0x00000000e7c80000,0x00000000e7c80000,0x00000000e9280000)
 ParOldGen       total 89088K, used 57894K [0x00000000a0000000, 0x00000000a5700000, 0x00000000e0000000)
  object space 89088K, 64% used [0x00000000a0000000,0x00000000a3889a50,0x00000000a5700000)
 Metaspace       used 82300K, capacity 85598K, committed 85760K, reserved 1124352K
  class space    used 10579K, capacity 11237K, committed 11264K, reserved 1048576K
}
Event: 2331.802 GC heap before
{Heap before GC invocations=27 (full 3):
 PSYoungGen      total 117248K, used 117118K [0x00000000e0000000, 0x00000000e9280000, 0x0000000100000000)
  eden space 104960K, 100% used [0x00000000e0000000,0x00000000e6680000,0x00000000e6680000)
  from space 12288K, 98% used [0x00000000e6a00000,0x00000000e75df878,0x00000000e7600000)
  to   space 22528K, 0% used [0x00000000e7c80000,0x00000000e7c80000,0x00000000e9280000)
 ParOldGen       total 89088K, used 57894K [0x00000000a0000000, 0x00000000a5700000, 0x00000000e0000000)
  object space 89088K, 64% used [0x00000000a0000000,0x00000000a3889a50,0x00000000a5700000)
 Metaspace       used 82854K, capacity 86166K, committed 86400K, reserved 1124352K
  class space    used 10633K, capacity 11289K, committed 11392K, reserved 1048576K
Event: 2331.818 GC heap after
Heap after GC invocations=27 (full 3):
 PSYoungGen      total 119296K, used 13008K [0x00000000e0000000, 0x00000000e8e00000, 0x0000000100000000)
  eden space 101376K, 0% used [0x00000000e0000000,0x00000000e0000000,0x00000000e6300000)
  from space 17920K, 72% used [0x00000000e7c80000,0x00000000e8934360,0x00000000e8e00000)
  to   space 22016K, 0% used [0x00000000e6300000,0x00000000e6300000,0x00000000e7880000)
 ParOldGen       total 89088K, used 57902K [0x00000000a0000000, 0x00000000a5700000, 0x00000000e0000000)
  object space 89088K, 64% used [0x00000000a0000000,0x00000000a388ba50,0x00000000a5700000)
 Metaspace       used 82854K, capacity 86166K, committed 86400K, reserved 1124352K
  class space    used 10633K, capacity 11289K, committed 11392K, reserved 1048576K
}

